Sun Nov 24 13:43:48 CET 2024
===================Input_Data
THFCOOH

SimMode	0

Spin System
NSpins 7
Chemical shift indices
1  2  3  4  5  6  7
J-coupling indices
   8  9 10 11 12 13
     14 15 16 17 18
        19 20 21 22
           23 24 25
              26 27
                 28

Spectra parameters
PathToDataSet			./
ExpProcNo			1
ExpBroadedProcNo		2
CalcProcNo			3

Optimization parameters
InputParameters			parameters_2.txt
OutputParameters		parameters.txt
SpectraTextOutput		-
LBs				3 2 1 0.5 0.1 0.0
MagnitudeFromExpSpec		1

List of optimized parameters
1 2 3 4 5 6 7 8 9 10 11 12 13 14 15 16 17 18 19 20 21 22 23 24 25 26 27 28 29 30===================Start ANATOLIAplus
Modified by DJ to test all combinations
*****************************************************
***                ANATOLIA V1.2                  ***
***      Free open-source software for total      ***
***       lineshape analysis of NMR spectra       ***
*****************************************************
***       Copyright 2021, Dmitry Cheshkov,        ***
***      Dmitry Sinitsyn, Kirill Sheberstov       ***
*****************************************************

Broadening:  3
Spectrum linewidth preoptimization
Iteration 1	RHO 1.0e+00	9.153015e+10
Iteration 2	RHO 1.0e-01	9.153015e+10
Iteration 4	RHO 1.0e-02	9.153015e+10
Iteration 6	RHO 1.0e-03	9.132662e+10
Iteration 8	RHO 1.0e-04	9.131160e+10
Iteration 12	RHO 1.0e-05	9.131078e+10
Iteration 19	RHO 1.0e-06	9.131016e+10
Iteration 23	RHO 1.0e-07	9.131012e+10
Iteration 28	RHO 1.0e-08	9.131011e+10
Iteration 41	RHO 1.0e-09	9.131011e+10
Iteration 48	RHO 1.0e-10	9.131011e+10
Iteration 51	RHO 1.0e-10	9.131011e+10
Main optimization
Iteration 1	RHO 1.0e+00	9.131011e+10
Iteration 4	RHO 1.0e-01	9.131011e+10
Iteration 45	RHO 1.0e-02	8.750194e+10
Iteration 118	RHO 1.0e-03	7.899438e+10
Iteration 160	RHO 1.0e-04	7.887713e+10
Iteration 212	RHO 1.0e-05	7.885345e+10
Iteration 270	RHO 1.0e-06	7.884852e+10
Iteration 330	RHO 1.0e-07	7.884800e+10
Iteration 376	RHO 1.0e-08	7.884798e+10
Iteration 423	RHO 1.0e-09	7.884797e+10
Iteration 477	RHO 1.0e-10	7.884797e+10
Iteration 529	RHO 1.0e-10	7.884797e+10

Broadening:  2
Spectrum linewidth preoptimization
Iteration 1	RHO 1.0e+00	1.539296e+11
Iteration 2	RHO 1.0e-01	1.539296e+11
Iteration 4	RHO 1.0e-02	1.539296e+11
Iteration 7	RHO 1.0e-03	1.457168e+11
Iteration 11	RHO 1.0e-04	1.456952e+11
Iteration 16	RHO 1.0e-05	1.456834e+11
Iteration 21	RHO 1.0e-06	1.456832e+11
Iteration 34	RHO 1.0e-07	1.456831e+11
Iteration 37	RHO 1.0e-08	1.456831e+11
Iteration 48	RHO 1.0e-09	1.456831e+11
Iteration 54	RHO 1.0e-10	1.456831e+11
Iteration 57	RHO 1.0e-10	1.456831e+11
Main optimization
Iteration 1	RHO 1.0e+00	1.456831e+11
Iteration 4	RHO 1.0e-01	1.456831e+11
Iteration 49	RHO 1.0e-02	1.213336e+11
Iteration 174	RHO 1.0e-03	9.297076e+10
Iteration 246	RHO 1.0e-04	9.223680e+10
Iteration 297	RHO 1.0e-05	9.220520e+10
Iteration 381	RHO 1.0e-06	9.219454e+10
Iteration 460	RHO 1.0e-07	9.219333e+10
Iteration 504	RHO 1.0e-08	9.219328e+10
Iteration 594	RHO 1.0e-09	9.219327e+10
Iteration 652	RHO 1.0e-10	9.219327e+10
Iteration 718	RHO 1.0e-10	9.219327e+10

Broadening:  1
Spectrum linewidth preoptimization
Iteration 1	RHO 1.0e+00	4.511311e+11
Iteration 2	RHO 1.0e-01	4.511311e+11
Iteration 4	RHO 1.0e-02	4.511311e+11
Iteration 7	RHO 1.0e-03	4.309708e+11
Iteration 11	RHO 1.0e-04	4.307478e+11
Iteration 13	RHO 1.0e-05	4.307349e+11
Iteration 15	RHO 1.0e-06	4.307320e+11
Iteration 17	RHO 1.0e-07	4.307317e+11
Iteration 20	RHO 1.0e-08	4.307317e+11
Iteration 25	RHO 1.0e-09	4.307316e+11
Iteration 32	RHO 1.0e-10	4.307316e+11
Iteration 35	RHO 1.0e-10	4.307316e+11
Main optimization
Iteration 1	RHO 1.0e+00	4.307316e+11
Iteration 4	RHO 1.0e-01	4.307316e+11
Iteration 46	RHO 1.0e-02	3.539925e+11
Iteration 247	RHO 1.0e-03	1.941372e+11
Iteration 612	RHO 1.0e-04	1.825979e+11
Iteration 690	RHO 1.0e-05	1.825516e+11
Iteration 733	RHO 1.0e-06	1.825498e+11
Iteration 774	RHO 1.0e-07	1.825496e+11
Iteration 823	RHO 1.0e-08	1.825496e+11
Iteration 864	RHO 1.0e-09	1.825496e+11
Iteration 902	RHO 1.0e-10	1.825496e+11
Iteration 947	RHO 1.0e-10	1.825496e+11

Broadening:  0.5
Spectrum linewidth preoptimization
Iteration 1	RHO 1.0e+00	5.585614e+11
Iteration 2	RHO 1.0e-01	5.585614e+11
Iteration 4	RHO 1.0e-02	5.585614e+11
Iteration 7	RHO 1.0e-03	4.998758e+11
Iteration 11	RHO 1.0e-04	4.969156e+11
Iteration 14	RHO 1.0e-05	4.968965e+11
Iteration 17	RHO 1.0e-06	4.968930e+11
Iteration 20	RHO 1.0e-07	4.968911e+11
Iteration 23	RHO 1.0e-08	4.968911e+11
Iteration 34	RHO 1.0e-09	4.968910e+11
Iteration 39	RHO 1.0e-10	4.968910e+11
Iteration 50	RHO 1.0e-10	4.968910e+11
Main optimization
Iteration 1	RHO 1.0e+00	4.968910e+11
Iteration 4	RHO 1.0e-01	4.968910e+11
Iteration 34	RHO 1.0e-02	4.968910e+11
Iteration 106	RHO 1.0e-03	4.292578e+11
Iteration 213	RHO 1.0e-04	4.250754e+11
Iteration 267	RHO 1.0e-05	4.249328e+11
Iteration 324	RHO 1.0e-06	4.248883e+11
Iteration 377	RHO 1.0e-07	4.248858e+11
Iteration 435	RHO 1.0e-08	4.248856e+11
Iteration 479	RHO 1.0e-09	4.248856e+11
Iteration 532	RHO 1.0e-10	4.248856e+11
Iteration 577	RHO 1.0e-10	4.248856e+11

Broadening:  0.1
Spectrum linewidth preoptimization
Iteration 1	RHO 1.0e+00	4.323331e+12
Iteration 2	RHO 1.0e-01	4.323331e+12
Iteration 4	RHO 1.0e-02	4.323331e+12
Iteration 5	RHO 1.0e-03	4.323331e+12
Iteration 12	RHO 1.0e-04	3.940278e+12
Iteration 16	RHO 1.0e-05	3.939771e+12
Iteration 17	RHO 1.0e-06	3.939771e+12
Iteration 20	RHO 1.0e-07	3.939771e+12
Iteration 31	RHO 1.0e-08	3.939759e+12
Iteration 46	RHO 1.0e-09	3.939757e+12
Iteration 49	RHO 1.0e-10	3.939757e+12
Iteration 54	RHO 1.0e-10	3.939757e+12
Main optimization
Iteration 1	RHO 1.0e+00	3.939757e+12
Iteration 4	RHO 1.0e-01	3.939757e+12
Iteration 34	RHO 1.0e-02	3.939757e+12
Iteration 85	RHO 1.0e-03	3.029798e+12
Iteration 219	RHO 1.0e-04	2.906180e+12
Iteration 257	RHO 1.0e-05	2.906063e+12
Iteration 293	RHO 1.0e-06	2.906036e+12
Iteration 332	RHO 1.0e-07	2.906033e+12
Iteration 367	RHO 1.0e-08	2.906033e+12
Iteration 403	RHO 1.0e-09	2.906033e+12
Iteration 437	RHO 1.0e-10	2.906033e+12
Iteration 463	RHO 1.0e-10	2.906033e+12

Broadening:  0
Spectrum linewidth preoptimization
Iteration 1	RHO 1.0e+00	2.510274e+13
Iteration 2	RHO 1.0e-01	2.510274e+13
Iteration 4	RHO 1.0e-02	2.510274e+13
Iteration 9	RHO 1.0e-03	2.462785e+13
Iteration 11	RHO 1.0e-04	2.461139e+13
Iteration 15	RHO 1.0e-05	2.461021e+13
Iteration 18	RHO 1.0e-06	2.461019e+13
Iteration 20	RHO 1.0e-07	2.461019e+13
Iteration 22	RHO 1.0e-08	2.461019e+13
Iteration 26	RHO 1.0e-09	2.461019e+13
Iteration 27	RHO 1.0e-10	2.461019e+13
Iteration 30	RHO 1.0e-10	2.461019e+13
Main optimization
Iteration 1	RHO 1.0e+00	2.461019e+13
Iteration 4	RHO 1.0e-01	2.461019e+13
Iteration 34	RHO 1.0e-02	2.461019e+13
Iteration 65	RHO 1.0e-03	2.328053e+13
Iteration 103	RHO 1.0e-04	2.287176e+13
Iteration 311	RHO 1.0e-05	2.278101e+13
Iteration 436	RHO 1.0e-06	2.278082e+13
Iteration 510	RHO 1.0e-07	2.278082e+13
Iteration 552	RHO 1.0e-08	2.278082e+13
Iteration 583	RHO 1.0e-09	2.278082e+13
Iteration 608	RHO 1.0e-10	2.278082e+13
Iteration 638	RHO 1.0e-10	2.278082e+13

R-Factor: 4.77 %

>>>>>> Number of tested J coupling (J coupling with values > 5.000000) 11
>>>>>> Number of combinations for step 0 :                  1 of 2048.000000
>>>>>> Number of combinations for step 1 : 11! / (10! * 1!) = 11 of 2048.000000
>>>>>> Run step because the number of combinations  11 <= 10000
>>>>>> Number of combinations for step 2 : 11! / (9! * 2!) = 55 of 2048.000000
>>>>>> Run step because the number of combinations  55 <= 10000
>>>>>> Number of combinations for step 3 : 11! / (8! * 3!) = 165 of 2048.000000
>>>>>> Run step because the number of combinations  165 <= 10000
>>>>>> Number of combinations for step 4 : 11! / (7! * 4!) = 330 of 2048.000000
>>>>>> Run step because the number of combinations  330 <= 10000
>>>>>> Number of combinations for step 5 : 11! / (6! * 5!) = 462 of 2048.000000
>>>>>> Run step because the number of combinations  462 <= 10000
>>>>>> Number of combinations for step 6 : 11! / (5! * 6!) = 462 of 2048.000000
>>>>>> Run step because the number of combinations  462 <= 10000
>>>>>> Number of combinations for step 7 : 11! / (4! * 7!) = 330 of 2048.000000
>>>>>> Run step because the number of combinations  330 <= 10000
>>>>>> Number of combinations for step 8 : 11! / (3! * 8!) = 165 of 2048.000000
>>>>>> Run step because the number of combinations  165 <= 10000
>>>>>> Number of combinations for step 9 : 11! / (2! * 9!) = 55 of 2048.000000
>>>>>> Run step because the number of combinations  55 <= 10000
>>>>>> Number of combinations for step 10 : 11! / (1! * 10!) = 11 of 2048.000000
>>>>>> Run step because the number of combinations  11 <= 10000
>>>>>> Number of combinations for step 11 : 11! / (0! * 11!) = 1 of 2048.000000
>>>>>> Run step because the number of combinations  1 <= 10000
4.769970 is final smallest <= 4.769970 0/2048 00000000000  J's: -0.245424 -0.234837 -0.169940 -0.555922 -8.113676 -0.460958 0.090780 0.191849 -0.517831 -12.650461 -12.167494 
Modified by DJ to test all combinations
*****************************************************
***                ANATOLIA V1.2                  ***
***      Free open-source software for total      ***
***       lineshape analysis of NMR spectra       ***
*****************************************************
***       Copyright 2021, Dmitry Cheshkov,        ***
***      Dmitry Sinitsyn, Kirill Sheberstov       ***
*****************************************************

When publishing results obtained with this program, please cite:
D.A. Cheshkov, K.F. Sheberstov, D.O. Sinitsyn, V.A. Chertkov, ANATOLIA: NMR
software for spectral analysis of total lineshape. Magn. Reson. Chem., 2018,
56, 449, DOI: 10.1002/mrc.4689.
===================End ANATOLIAplus
SimMode	0
InputParameters			parameters_2.txt
OutputParameters		parameters.txt
CalcProcNo			3
Sun Nov 24 13:49:02 CET 2024
===================
===================Input_Data
THFCOOH

SimMode	0

Spin System
NSpins 7
Chemical shift indices
1  2  3  4  5  6  7
J-coupling indices
   8  9 10 11 12 13
     14 15 16 17 18
        19 20 21 22
           23 24 25
              26 27
                 28

Spectra parameters
PathToDataSet			./
ExpProcNo			1
ExpBroadedProcNo		2
CalcProcNo			3

Optimization parameters
InputParameters			parameters_start.txt
OutputParameters		parameters.txt
SpectraTextOutput		-
LBs				0.0
MagnitudeFromExpSpec		1

List of optimized parameters
1 2 3 4 5 6 7 8 9 10 11 12 13 14 15 16 17 18 19 20 21 22 23 24 25 26 27 28 29 30===================Start ANATOLIAplus
Modified by DJ to test all combinations
*****************************************************
***                ANATOLIA V1.2                  ***
***      Free open-source software for total      ***
***       lineshape analysis of NMR spectra       ***
*****************************************************
***       Copyright 2021, Dmitry Cheshkov,        ***
***      Dmitry Sinitsyn, Kirill Sheberstov       ***
*****************************************************

Broadening:  0
Spectrum linewidth preoptimization
Iteration 1	RHO 1.0e+00	4.971452e+12
Iteration 2	RHO 1.0e-01	4.971452e+12
Iteration 4	RHO 1.0e-02	4.971452e+12
Iteration 7	RHO 1.0e-03	4.971452e+12
Iteration 9	RHO 1.0e-04	4.971452e+12
Iteration 12	RHO 1.0e-05	4.971452e+12
Iteration 13	RHO 1.0e-06	4.971452e+12
Iteration 16	RHO 1.0e-07	4.971452e+12
Iteration 17	RHO 1.0e-08	4.971452e+12
Iteration 20	RHO 1.0e-09	4.971452e+12
Iteration 23	RHO 1.0e-10	4.971452e+12
Iteration 26	RHO 1.0e-10	4.971452e+12
Main optimization
Iteration 1	RHO 1.0e+00	4.971452e+12
Iteration 4	RHO 1.0e-01	4.971452e+12
Iteration 34	RHO 1.0e-02	4.971452e+12
Iteration 41	RHO 1.0e-03	4.971452e+12
Iteration 70	RHO 1.0e-04	4.971452e+12
Iteration 91	RHO 1.0e-05	4.971452e+12
Iteration 108	RHO 1.0e-06	4.971452e+12
Iteration 137	RHO 1.0e-07	4.971452e+12
Iteration 188	RHO 1.0e-08	4.971452e+12
Iteration 220	RHO 1.0e-09	4.971452e+12
Iteration 250	RHO 1.0e-10	4.971452e+12
Iteration 274	RHO 1.0e-10	4.971452e+12

R-Factor: 4.24 %

>>>>>> Number of tested J coupling (J coupling with values > 5.000000) 11
>>>>>> Number of combinations for step 0 :                  1 of 2048.000000
>>>>>> Number of combinations for step 1 : 11! / (10! * 1!) = 11 of 2048.000000
>>>>>> Run step because the number of combinations  11 <= 10000
>>>>>> Number of combinations for step 2 : 11! / (9! * 2!) = 55 of 2048.000000
>>>>>> Run step because the number of combinations  55 <= 10000
>>>>>> Number of combinations for step 3 : 11! / (8! * 3!) = 165 of 2048.000000
>>>>>> Run step because the number of combinations  165 <= 10000
>>>>>> Number of combinations for step 4 : 11! / (7! * 4!) = 330 of 2048.000000
>>>>>> Run step because the number of combinations  330 <= 10000
>>>>>> Number of combinations for step 5 : 11! / (6! * 5!) = 462 of 2048.000000
>>>>>> Run step because the number of combinations  462 <= 10000
>>>>>> Number of combinations for step 6 : 11! / (5! * 6!) = 462 of 2048.000000
>>>>>> Run step because the number of combinations  462 <= 10000
>>>>>> Number of combinations for step 7 : 11! / (4! * 7!) = 330 of 2048.000000
>>>>>> Run step because the number of combinations  330 <= 10000
>>>>>> Number of combinations for step 8 : 11! / (3! * 8!) = 165 of 2048.000000
>>>>>> Run step because the number of combinations  165 <= 10000
>>>>>> Number of combinations for step 9 : 11! / (2! * 9!) = 55 of 2048.000000
>>>>>> Run step because the number of combinations  55 <= 10000
>>>>>> Number of combinations for step 10 : 11! / (1! * 10!) = 11 of 2048.000000
>>>>>> Run step because the number of combinations  11 <= 10000
>>>>>> Number of combinations for step 11 : 11! / (0! * 11!) = 1 of 2048.000000
>>>>>> Run step because the number of combinations  1 <= 10000
4.244859 is final smallest <= 4.244859 0/2048 00000000000  J's: -0.241091 -0.235459 -0.169592 -0.560001 -8.115247 -0.458213 0.092641 0.189574 -0.517090 -12.652969 -12.169763 
Modified by DJ to test all combinations
*****************************************************
***                ANATOLIA V1.2                  ***
***      Free open-source software for total      ***
***       lineshape analysis of NMR spectra       ***
*****************************************************
***       Copyright 2021, Dmitry Cheshkov,        ***
***      Dmitry Sinitsyn, Kirill Sheberstov       ***
*****************************************************

When publishing results obtained with this program, please cite:
D.A. Cheshkov, K.F. Sheberstov, D.O. Sinitsyn, V.A. Chertkov, ANATOLIA: NMR
software for spectral analysis of total lineshape. Magn. Reson. Chem., 2018,
56, 449, DOI: 10.1002/mrc.4689.
===================End ANATOLIAplus
SimMode	0
InputParameters			parameters_start.txt
OutputParameters		parameters.txt
CalcProcNo			3
Sun Nov 24 13:57:12 CET 2024
===================
